Experiment 'pythonaacf' is active
Experiment 'pythonSurveyNotification' is active
LSP Notebooks experiment is enabled
LSP Notebooks interactive window support is enabled
> conda info --json
Python interpreter path: ./venv/bin/python
> . "~/Documents/UTS Research/Hugging Face Spaces/arguementation-analyzer/venv/bin/activate" && echo 'e8b39361-0157-4923-80e1-22d70d46dee6' && python ~/.vscode/extensions/ms-python.python-2022.20.1/pythonFiles/printEnvVariables.py
> "~/Documents/UTS Research/Hugging Face Spaces/arguementation-analyzer/venv/bin/python" ~/.vscode/extensions/ms-python.python-2022.20.1/pythonFiles/get_output_via_markers.py ~/.vscode/extensions/ms-python.python-2022.20.1/pythonFiles/interpreterInfo.py
> /bin/python ~/.vscode/extensions/ms-python.python-2022.20.1/pythonFiles/get_output_via_markers.py ~/.vscode/extensions/ms-python.python-2022.20.1/pythonFiles/interpreterInfo.py
> /sbin/python ~/.vscode/extensions/ms-python.python-2022.20.1/pythonFiles/get_output_via_markers.py ~/.vscode/extensions/ms-python.python-2022.20.1/pythonFiles/interpreterInfo.py
> /usr/bin/python ~/.vscode/extensions/ms-python.python-2022.20.1/pythonFiles/get_output_via_markers.py ~/.vscode/extensions/ms-python.python-2022.20.1/pythonFiles/interpreterInfo.py
> /usr/sbin/python ~/.vscode/extensions/ms-python.python-2022.20.1/pythonFiles/get_output_via_markers.py ~/.vscode/extensions/ms-python.python-2022.20.1/pythonFiles/interpreterInfo.py
Starting Pylance language server.
Send text to terminal: source "/home/sri/Documents/UTS Research/Hugging Face Spaces/arguementation-analyzer/venv/bin/activate"
> . "~/Documents/UTS Research/Hugging Face Spaces/arguementation-analyzer/venv/bin/activate" && echo 'e8b39361-0157-4923-80e1-22d70d46dee6' && python ~/.vscode/extensions/ms-python.python-2022.20.1/pythonFiles/printEnvVariables.py
Jupyter provided interpreter path override: /home/sri/Documents/UTS Research/Hugging Face Spaces/arguementation-analyzer/venv/bin/python
Jupyter provided interpreter path override: /home/sri/Documents/UTS Research/Hugging Face Spaces/arguementation-analyzer/venv/bin/python
> . "~/Documents/UTS Research/Hugging Face Spaces/arguementation-analyzer/venv/bin/activate" && echo 'e8b39361-0157-4923-80e1-22d70d46dee6' && python ~/.vscode/extensions/ms-python.python-2022.20.1/pythonFiles/printEnvVariables.py
> . "~/Documents/UTS Research/Hugging Face Spaces/arguementation-analyzer/venv/bin/activate" && echo 'e8b39361-0157-4923-80e1-22d70d46dee6' && python ~/.vscode/extensions/ms-python.python-2022.20.1/pythonFiles/printEnvVariables.py
> . "~/Documents/UTS Research/Hugging Face Spaces/arguementation-analyzer/venv/bin/activate" && echo 'e8b39361-0157-4923-80e1-22d70d46dee6' && python ~/.vscode/extensions/ms-python.python-2022.20.1/pythonFiles/printEnvVariables.py
> . "~/Documents/UTS Research/Hugging Face Spaces/arguementation-analyzer/venv/bin/activate" && echo 'e8b39361-0157-4923-80e1-22d70d46dee6' && python ~/.vscode/extensions/ms-python.python-2022.20.1/pythonFiles/printEnvVariables.py
> . "~/Documents/UTS Research/Hugging Face Spaces/arguementation-analyzer/venv/bin/activate" && echo 'e8b39361-0157-4923-80e1-22d70d46dee6' && python ~/.vscode/extensions/ms-python.python-2022.20.1/pythonFiles/printEnvVariables.py
> . "~/Documents/UTS Research/Hugging Face Spaces/arguementation-analyzer/venv/bin/activate" && echo 'e8b39361-0157-4923-80e1-22d70d46dee6' && python ~/.vscode/extensions/ms-python.python-2022.20.1/pythonFiles/printEnvVariables.py
> . "~/Documents/UTS Research/Hugging Face Spaces/arguementation-analyzer/venv/bin/activate" && echo 'e8b39361-0157-4923-80e1-22d70d46dee6' && python ~/.vscode/extensions/ms-python.python-2022.20.1/pythonFiles/printEnvVariables.py
Jupyter provided interpreter path override: /home/sri/Documents/UTS Research/Hugging Face Spaces/arguementation-analyzer/venv/bin/python
Jupyter provided interpreter path override: /home/sri/Documents/UTS Research/Hugging Face Spaces/arguementation-analyzer/venv/bin/python
DAP Server launched with command: /home/sri/Documents/UTS Research/Hugging Face Spaces/arguementation-analyzer/venv/bin/python /home/sri/.vscode/extensions/ms-python.python-2022.20.1/pythonFiles/lib/python/debugpy/adapter
Send text to terminal: source "/home/sri/Documents/UTS Research/Hugging Face Spaces/arguementation-analyzer/venv/bin/activate"
Send text to terminal:  /usr/bin/env /home/sri/Documents/UTS\ Research/Hugging\ Face\ Spaces/arguementation-analyzer/venv/bin/python /home/sri/.vscode/extensions/ms-python.python-2022.20.1/pythonFiles/lib/python/debugpy/adapter/../../debugpy/launcher 42969 -- /home/sri/Documents/UTS\ Research/Hugging\ Face\ Spaces/arguementation-analyzer/test.py 
DAP Server launched with command: /home/sri/Documents/UTS Research/Hugging Face Spaces/arguementation-analyzer/venv/bin/python /home/sri/.vscode/extensions/ms-python.python-2022.20.1/pythonFiles/lib/python/debugpy/adapter
Send text to terminal:  cd /home/sri/Documents/UTS\ Research/Hugging\ Face\ Spaces/arguementation-analyzer ; /usr/bin/env /home/sri/Documents/UTS\ Research/Hugging\ Face\ Spaces/arguementation-analyzer/venv/bin/python /home/sri/.vscode/extensions/ms-python.python-2022.20.1/pythonFiles/lib/python/debugpy/adapter/../../debugpy/launcher 34527 -- /home/sri/Documents/UTS\ Research/Hugging\ Face\ Spaces/arguementation-analyzer/test.py 
DAP Server launched with command: /home/sri/Documents/UTS Research/Hugging Face Spaces/arguementation-analyzer/venv/bin/python /home/sri/.vscode/extensions/ms-python.python-2022.20.1/pythonFiles/lib/python/debugpy/adapter
Send text to terminal:  cd /home/sri/Documents/UTS\ Research/Hugging\ Face\ Spaces/arguementation-analyzer ; /usr/bin/env /home/sri/Documents/UTS\ Research/Hugging\ Face\ Spaces/arguementation-analyzer/venv/bin/python /home/sri/.vscode/extensions/ms-python.python-2022.20.1/pythonFiles/lib/python/debugpy/adapter/../../debugpy/launcher 43085 -- /home/sri/Documents/UTS\ Research/Hugging\ Face\ Spaces/arguementation-analyzer/test.py 
Jupyter provided interpreter path override: /home/sri/Documents/UTS Research/Hugging Face Spaces/arguementation-analyzer/venv/bin/python
Jupyter provided interpreter path override: /home/sri/Documents/UTS Research/Hugging Face Spaces/arguementation-analyzer/venv/bin/python
> . "~/Documents/UTS Research/Hugging Face Spaces/arguementation-analyzer/venv/bin/activate" && echo 'e8b39361-0157-4923-80e1-22d70d46dee6' && python ~/.vscode/extensions/ms-python.python-2022.20.1/pythonFiles/printEnvVariables.py
> . "~/Documents/UTS Research/Hugging Face Spaces/arguementation-analyzer/venv/bin/activate" && echo 'e8b39361-0157-4923-80e1-22d70d46dee6' && python ~/.vscode/extensions/ms-python.python-2022.20.1/pythonFiles/printEnvVariables.py
> . "~/Documents/UTS Research/Hugging Face Spaces/arguementation-analyzer/venv/bin/activate" && echo 'e8b39361-0157-4923-80e1-22d70d46dee6' && python ~/.vscode/extensions/ms-python.python-2022.20.1/pythonFiles/printEnvVariables.py
> . "~/Documents/UTS Research/Hugging Face Spaces/arguementation-analyzer/venv/bin/activate" && echo 'e8b39361-0157-4923-80e1-22d70d46dee6' && python ~/.vscode/extensions/ms-python.python-2022.20.1/pythonFiles/printEnvVariables.py
Jupyter provided interpreter path override: /home/sri/Documents/UTS Research/Hugging Face Spaces/arguementation-analyzer/venv/bin/python
Jupyter provided interpreter path override: /home/sri/Documents/UTS Research/Hugging Face Spaces/arguementation-analyzer/venv/bin/python
DAP Server launched with command: /home/sri/Documents/UTS Research/Hugging Face Spaces/arguementation-analyzer/venv/bin/python /home/sri/.vscode/extensions/ms-python.python-2022.20.1/pythonFiles/lib/python/debugpy/adapter
Send text to terminal:  cd /home/sri/Documents/UTS\ Research/Hugging\ Face\ Spaces/arguementation-analyzer ; /usr/bin/env /home/sri/Documents/UTS\ Research/Hugging\ Face\ Spaces/arguementation-analyzer/venv/bin/python /home/sri/.vscode/extensions/ms-python.python-2022.20.1/pythonFiles/lib/python/debugpy/adapter/../../debugpy/launcher 35183 -- /home/sri/Documents/UTS\ Research/Hugging\ Face\ Spaces/arguementation-analyzer/test.py 
DAP Server launched with command: /home/sri/Documents/UTS Research/Hugging Face Spaces/arguementation-analyzer/venv/bin/python /home/sri/.vscode/extensions/ms-python.python-2022.20.1/pythonFiles/lib/python/debugpy/adapter
Send text to terminal:  cd /home/sri/Documents/UTS\ Research/Hugging\ Face\ Spaces/arguementation-analyzer ; /usr/bin/env /home/sri/Documents/UTS\ Research/Hugging\ Face\ Spaces/arguementation-analyzer/venv/bin/python /home/sri/.vscode/extensions/ms-python.python-2022.20.1/pythonFiles/lib/python/debugpy/adapter/../../debugpy/launcher 38199 -- /home/sri/Documents/UTS\ Research/Hugging\ Face\ Spaces/arguementation-analyzer/test.py 
DAP Server launched with command: /home/sri/Documents/UTS Research/Hugging Face Spaces/arguementation-analyzer/venv/bin/python /home/sri/.vscode/extensions/ms-python.python-2022.20.1/pythonFiles/lib/python/debugpy/adapter
Send text to terminal:  cd /home/sri/Documents/UTS\ Research/Hugging\ Face\ Spaces/arguementation-analyzer ; /usr/bin/env /home/sri/Documents/UTS\ Research/Hugging\ Face\ Spaces/arguementation-analyzer/venv/bin/python /home/sri/.vscode/extensions/ms-python.python-2022.20.1/pythonFiles/lib/python/debugpy/adapter/../../debugpy/launcher 40105 -- /home/sri/Documents/UTS\ Research/Hugging\ Face\ Spaces/arguementation-analyzer/test.py 
DAP Server launched with command: /home/sri/Documents/UTS Research/Hugging Face Spaces/arguementation-analyzer/venv/bin/python /home/sri/.vscode/extensions/ms-python.python-2022.20.1/pythonFiles/lib/python/debugpy/adapter
Send text to terminal:  cd /home/sri/Documents/UTS\ Research/Hugging\ Face\ Spaces/arguementation-analyzer ; /usr/bin/env /home/sri/Documents/UTS\ Research/Hugging\ Face\ Spaces/arguementation-analyzer/venv/bin/python /home/sri/.vscode/extensions/ms-python.python-2022.20.1/pythonFiles/lib/python/debugpy/adapter/../../debugpy/launcher 39167 -- /home/sri/Documents/UTS\ Research/Hugging\ Face\ Spaces/arguementation-analyzer/test.py 
