Name: isort
Module: isort
Python extension loading
Waiting for interpreter from python extension.
Python extension loaded
CWD Server: /home/sri/Documents/UTS Research/Hugging Face Spaces/arguementation-analyzer
sys.path used to run Server:
   /home/sri/.vscode/extensions/ms-python.isort-2022.8.0/bundled/libs
   /home/sri/.vscode/extensions/ms-python.isort-2022.8.0/bundled/tool
   /usr/lib/python310.zip
   /usr/lib/python3.10
   /usr/lib/python3.10/lib-dynload
   /home/sri/Documents/UTS Research/Hugging Face Spaces/arguementation-analyzer/venv/lib/python3.10/site-packages
Settings used to run Server:
[
    {
        "check": false,
        "workspace": "file:///home/sri/Documents/UTS%20Research/Hugging%20Face%20Spaces/arguementation-analyzer",
        "logLevel": "error",
        "args": [],
        "severity": {
            "W": "Warning",
            "E": "Hint"
        },
        "path": [],
        "interpreter": [
            "/home/sri/Documents/UTS Research/Hugging Face Spaces/arguementation-analyzer/venv/bin/python"
        ],
        "importStrategy": "useBundled",
        "showNotifications": "off"
    }
]

/home/sri/Documents/UTS Research/Hugging Face Spaces/arguementation-analyzer/venv/bin/python -m isort --version-number
CWD Linter: /home/sri/Documents/UTS Research/Hugging Face Spaces/arguementation-analyzer
Version info for isort running for /home/sri/Documents/UTS Research/Hugging Face Spaces/arguementation-analyzer:
5.10.1

SUPPORTED isort>=5.10.1
FOUND isort==5.10.1

CWD Server: /home/sri/Documents/UTS Research/Hugging Face Spaces/arguementation-analyzer
sys.path used to run Server:
   /home/sri/.vscode/extensions/ms-python.isort-2022.8.0/bundled/libs
   /home/sri/.vscode/extensions/ms-python.isort-2022.8.0/bundled/tool
   /usr/lib/python310.zip
   /usr/lib/python3.10
   /usr/lib/python3.10/lib-dynload
   /home/sri/Documents/UTS Research/Hugging Face Spaces/arguementation-analyzer/venv/lib/python3.10/site-packages
Settings used to run Server:
[
    {
        "check": false,
        "workspace": "file:///home/sri/Documents/UTS%20Research/Hugging%20Face%20Spaces/arguementation-analyzer",
        "logLevel": "error",
        "args": [],
        "severity": {
            "W": "Warning",
            "E": "Hint"
        },
        "path": [],
        "interpreter": [
            "/home/sri/Documents/UTS Research/Hugging Face Spaces/arguementation-analyzer/venv/bin/python"
        ],
        "importStrategy": "useBundled",
        "showNotifications": "off"
    }
]

/home/sri/Documents/UTS Research/Hugging Face Spaces/arguementation-analyzer/venv/bin/python -m isort --version-number
CWD Linter: /home/sri/Documents/UTS Research/Hugging Face Spaces/arguementation-analyzer
Version info for isort running for /home/sri/Documents/UTS Research/Hugging Face Spaces/arguementation-analyzer:
5.10.1

SUPPORTED isort>=5.10.1
FOUND isort==5.10.1

