2022-12-17 17:21:42.537 [info] Log level: Info
2022-12-17 17:21:42.537 [info] Validating found git in: "git"
2022-12-17 17:21:42.537 [info] Using git "" from "git"
2022-12-17 17:21:42.537 [info] > git rev-parse --show-toplevel [39ms]
2022-12-17 17:21:42.561 [info] > git rev-parse --git-dir --git-common-dir [85ms]
2022-12-17 17:21:42.573 [info] Open repository: /home/sri/Documents/UTS Research/Hugging Face Spaces/arguementation-analyzer
2022-12-17 17:21:42.685 [info] > git rev-parse --show-toplevel [92ms]
2022-12-17 17:21:42.703 [info] > git rev-parse --show-toplevel [7ms]
2022-12-17 17:21:42.714 [info] > git config --get commit.template [36ms]
2022-12-17 17:21:42.766 [info] > git rev-parse --show-toplevel [53ms]
2022-12-17 17:21:42.804 [info] > git rev-parse --show-toplevel [25ms]
2022-12-17 17:21:42.828 [info] > git rev-parse --show-toplevel [12ms]
2022-12-17 17:21:42.838 [info] > git for-each-ref --format=%(refname)%00%(upstream:short)%00%(objectname)%00%(upstream:track)%00%(upstream:remotename)%00%(upstream:remoteref) refs/heads/main refs/remotes/main [40ms]
2022-12-17 17:21:42.865 [info] > git status -z -uall [17ms]
2022-12-17 17:21:42.870 [info] > git rev-parse --show-toplevel [32ms]
2022-12-17 17:21:42.880 [info] > git for-each-ref --sort -committerdate --format %(refname) %(objectname) %(*objectname) [21ms]
2022-12-17 17:21:42.967 [info] > git config --get commit.template [16ms]
2022-12-17 17:21:43.137 [info] > git for-each-ref --format=%(refname)%00%(upstream:short)%00%(objectname)%00%(upstream:track)%00%(upstream:remotename)%00%(upstream:remoteref) refs/heads/main refs/remotes/main [150ms]
2022-12-17 17:21:43.166 [info] > git status -z -uall [17ms]
2022-12-17 17:21:43.166 [info] > git for-each-ref --sort -committerdate --format %(refname) %(objectname) %(*objectname) [3ms]
2022-12-17 17:21:43.216 [info] > git check-ignore -v -z --stdin [5ms]
2022-12-17 17:21:43.903 [info] > git show --textconv :app.py [29ms]
2022-12-17 17:21:43.904 [info] > git ls-files --stage -- /home/sri/Documents/UTS Research/Hugging Face Spaces/arguementation-analyzer/app.py [17ms]
2022-12-17 17:21:43.930 [info] > git cat-file -s 8bb61265a28f3854648850e4c2bc10eb954a4c7a [16ms]
2022-12-17 17:21:44.660 [info] > git config --get commit.template [2ms]
2022-12-17 17:21:44.695 [info] > git for-each-ref --format=%(refname)%00%(upstream:short)%00%(objectname)%00%(upstream:track)%00%(upstream:remotename)%00%(upstream:remoteref) refs/heads/main refs/remotes/main [24ms]
2022-12-17 17:21:44.722 [info] > git status -z -uall [15ms]
2022-12-17 17:21:44.725 [info] > git for-each-ref --sort -committerdate --format %(refname) %(objectname) %(*objectname) [9ms]
2022-12-17 17:21:45.466 [info] > git check-ignore -v -z --stdin [1ms]
2022-12-17 17:22:28.205 [info] > git config --get commit.template [10ms]
2022-12-17 17:22:28.205 [info] > git for-each-ref --format=%(refname)%00%(upstream:short)%00%(objectname)%00%(upstream:track)%00%(upstream:remotename)%00%(upstream:remoteref) refs/heads/main refs/remotes/main [2ms]
2022-12-17 17:22:28.219 [info] > git status -z -uall [7ms]
2022-12-17 17:22:28.223 [info] > git for-each-ref --sort -committerdate --format %(refname) %(objectname) %(*objectname) [5ms]
2022-12-17 17:59:28.432 [info] > git config --get commit.template [18ms]
2022-12-17 17:59:28.438 [info] > git for-each-ref --format=%(refname)%00%(upstream:short)%00%(objectname)%00%(upstream:track)%00%(upstream:remotename)%00%(upstream:remoteref) refs/heads/main refs/remotes/main [6ms]
2022-12-17 17:59:28.476 [info] > git status -z -uall [17ms]
2022-12-17 17:59:28.484 [info] > git for-each-ref --sort -committerdate --format %(refname) %(objectname) %(*objectname) [10ms]
2022-12-17 22:20:10.752 [info] > git config --get commit.template [14ms]
2022-12-17 22:20:10.753 [info] > git for-each-ref --format=%(refname)%00%(upstream:short)%00%(objectname)%00%(upstream:track)%00%(upstream:remotename)%00%(upstream:remoteref) refs/heads/main refs/remotes/main [11ms]
2022-12-17 22:20:10.776 [info] > git for-each-ref --sort -committerdate --format %(refname) %(objectname) %(*objectname) [4ms]
2022-12-17 22:20:10.784 [info] > git status -z -uall [22ms]
2022-12-17 22:27:07.666 [info] > git config --get commit.template [12ms]
2022-12-17 22:27:07.668 [info] > git for-each-ref --format=%(refname)%00%(upstream:short)%00%(objectname)%00%(upstream:track)%00%(upstream:remotename)%00%(upstream:remoteref) refs/heads/main refs/remotes/main [3ms]
2022-12-17 22:27:07.691 [info] > git status -z -uall [16ms]
2022-12-17 22:27:07.693 [info] > git ls-files --stage -- /home/sri/Documents/UTS Research/Hugging Face Spaces/arguementation-analyzer/app.py [3ms]
2022-12-17 22:27:07.699 [info] > git for-each-ref --sort -committerdate --format %(refname) %(objectname) %(*objectname) [17ms]
2022-12-17 22:27:07.715 [info] > git cat-file -s 8bb61265a28f3854648850e4c2bc10eb954a4c7a [16ms]
2022-12-17 22:27:07.733 [info] > git show --textconv :app.py [2ms]
2022-12-17 22:27:11.872 [info] > git check-ignore -v -z --stdin [19ms]
2022-12-17 22:27:12.743 [info] > git config --get commit.template [13ms]
2022-12-17 22:27:12.744 [info] > git for-each-ref --format=%(refname)%00%(upstream:short)%00%(objectname)%00%(upstream:track)%00%(upstream:remotename)%00%(upstream:remoteref) refs/heads/main refs/remotes/main [3ms]
2022-12-17 22:27:12.769 [info] > git status -z -uall [14ms]
2022-12-17 22:27:12.774 [info] > git for-each-ref --sort -committerdate --format %(refname) %(objectname) %(*objectname) [7ms]
2022-12-17 22:28:18.405 [info] > git check-ignore -v -z --stdin [3ms]
2022-12-17 22:30:26.957 [info] > git config --get commit.template [12ms]
2022-12-17 22:30:26.969 [info] > git ls-files --stage -- /home/sri/Documents/UTS Research/Hugging Face Spaces/arguementation-analyzer/app.py [14ms]
2022-12-17 22:30:26.979 [info] > git for-each-ref --format=%(refname)%00%(upstream:short)%00%(objectname)%00%(upstream:track)%00%(upstream:remotename)%00%(upstream:remoteref) refs/heads/main refs/remotes/main [11ms]
2022-12-17 22:30:26.998 [info] > git status -z -uall [10ms]
2022-12-17 22:30:27.000 [info] > git cat-file -s 8bb61265a28f3854648850e4c2bc10eb954a4c7a [22ms]
2022-12-17 22:30:27.001 [info] > git for-each-ref --sort -committerdate --format %(refname) %(objectname) %(*objectname) [4ms]
2022-12-17 22:30:27.082 [info] > git show --textconv :app.py [1ms]
2022-12-17 22:33:27.434 [info] > git config --get commit.template [12ms]
2022-12-17 22:33:27.444 [info] > git ls-files --stage -- /home/sri/Documents/UTS Research/Hugging Face Spaces/arguementation-analyzer/app.py [11ms]
2022-12-17 22:33:27.454 [info] > git for-each-ref --format=%(refname)%00%(upstream:short)%00%(objectname)%00%(upstream:track)%00%(upstream:remotename)%00%(upstream:remoteref) refs/heads/main refs/remotes/main [11ms]
2022-12-17 22:33:27.475 [info] > git status -z -uall [10ms]
2022-12-17 22:33:27.476 [info] > git cat-file -s 8bb61265a28f3854648850e4c2bc10eb954a4c7a [22ms]
2022-12-17 22:33:27.477 [info] > git for-each-ref --sort -committerdate --format %(refname) %(objectname) %(*objectname) [2ms]
2022-12-17 22:33:27.496 [info] > git show --textconv :app.py [2ms]
2022-12-17 23:19:45.222 [info] > git config --get commit.template [17ms]
2022-12-17 23:19:45.223 [info] > git ls-files --stage -- /home/sri/Documents/UTS Research/Hugging Face Spaces/arguementation-analyzer/app.py [4ms]
2022-12-17 23:19:45.232 [info] > git for-each-ref --format=%(refname)%00%(upstream:short)%00%(objectname)%00%(upstream:track)%00%(upstream:remotename)%00%(upstream:remoteref) refs/heads/main refs/remotes/main [22ms]
2022-12-17 23:19:45.250 [info] > git status -z -uall [9ms]
2022-12-17 23:19:45.251 [info] > git cat-file -s 4e1370135572da3cad0d949533903ad557421a00 [19ms]
2022-12-17 23:19:45.252 [info] > git for-each-ref --sort -committerdate --format %(refname) %(objectname) %(*objectname) [3ms]
2022-12-17 23:19:45.304 [info] > git show --textconv :app.py [3ms]
2022-12-17 23:19:50.276 [info] > git config --get commit.template [2ms]
2022-12-17 23:19:50.290 [info] > git for-each-ref --format=%(refname)%00%(upstream:short)%00%(objectname)%00%(upstream:track)%00%(upstream:remotename)%00%(upstream:remoteref) refs/heads/main refs/remotes/main [3ms]
2022-12-17 23:19:50.306 [info] > git status -z -uall [8ms]
2022-12-17 23:19:50.308 [info] > git for-each-ref --sort -committerdate --format %(refname) %(objectname) %(*objectname) [2ms]
2022-12-17 23:42:23.101 [info] > git config --get commit.template [15ms]
2022-12-17 23:42:23.114 [info] > git ls-files --stage -- /home/sri/Documents/UTS Research/Hugging Face Spaces/arguementation-analyzer/app.py [14ms]
2022-12-17 23:42:23.124 [info] > git for-each-ref --format=%(refname)%00%(upstream:short)%00%(objectname)%00%(upstream:track)%00%(upstream:remotename)%00%(upstream:remoteref) refs/heads/main refs/remotes/main [10ms]
2022-12-17 23:42:23.146 [info] > git status -z -uall [12ms]
2022-12-17 23:42:23.147 [info] > git cat-file -s 8bb61265a28f3854648850e4c2bc10eb954a4c7a [24ms]
2022-12-17 23:42:23.148 [info] > git for-each-ref --sort -committerdate --format %(refname) %(objectname) %(*objectname) [3ms]
2022-12-17 23:42:23.168 [info] > git show --textconv :app.py [3ms]
2022-12-17 23:42:28.176 [info] > git config --get commit.template [11ms]
2022-12-17 23:42:28.177 [info] > git for-each-ref --format=%(refname)%00%(upstream:short)%00%(objectname)%00%(upstream:track)%00%(upstream:remotename)%00%(upstream:remoteref) refs/heads/main refs/remotes/main [3ms]
2022-12-17 23:42:28.197 [info] > git status -z -uall [10ms]
2022-12-17 23:42:28.199 [info] > git for-each-ref --sort -committerdate --format %(refname) %(objectname) %(*objectname) [3ms]
2022-12-17 23:58:30.493 [info] > git check-ignore -v -z --stdin [1ms]
2022-12-18 00:44:31.537 [info] > git check-ignore -v -z --stdin [4ms]
2022-12-18 09:11:06.713 [info] > git check-ignore -v -z --stdin [2ms]
2022-12-18 09:17:55.653 [info] > git check-ignore -v -z --stdin [9ms]
2022-12-18 09:46:16.360 [info] > git check-ignore -v -z --stdin [2ms]
2022-12-18 09:46:17.557 [info] > git show --textconv :test.py [12ms]
2022-12-18 09:46:17.560 [info] > git ls-files --stage -- /home/sri/Documents/UTS Research/Hugging Face Spaces/arguementation-analyzer/test.py [3ms]
2022-12-18 09:46:46.137 [info] > git show --textconv :model.py [18ms]
2022-12-18 09:46:46.142 [info] > git ls-files --stage -- /home/sri/Documents/UTS Research/Hugging Face Spaces/arguementation-analyzer/model.py [5ms]
2022-12-18 09:46:46.165 [info] > git cat-file -s 0c896c4ec76134d40d89f5f31d76f0bcde1ac623 [7ms]
2022-12-18 10:06:28.854 [info] > git show --textconv :app.py [11ms]
2022-12-18 10:06:28.856 [info] > git ls-files --stage -- /home/sri/Documents/UTS Research/Hugging Face Spaces/arguementation-analyzer/app.py [2ms]
2022-12-18 10:06:28.868 [info] > git cat-file -s 4497bda633b10d5173ff75a4996cd595e5b1df63 [1ms]
