2022-12-17 17:21:38.423 [info] update#setState idle
2022-12-17 17:21:40.268 [info] Starting extension host with pid 2758 (fork() took 12 ms).
2022-12-17 17:22:08.424 [info] update#setState checking for updates
2022-12-17 17:22:08.482 [info] update#setState idle
2022-12-17 17:55:47.722 [info] Enabling inspect port on extension host with pid 2758.
2022-12-17 18:22:08.492 [info] update#setState checking for updates
2022-12-17 18:22:08.706 [info] update#setState idle
2022-12-17 19:22:08.522 [info] update#setState checking for updates
2022-12-17 19:22:08.693 [info] update#setState idle
2022-12-17 20:22:08.526 [info] update#setState checking for updates
2022-12-17 20:22:08.695 [info] update#setState idle
2022-12-17 21:22:08.547 [info] update#setState checking for updates
2022-12-17 21:22:08.701 [info] update#setState idle
2022-12-17 22:22:08.570 [info] update#setState checking for updates
2022-12-17 22:22:08.761 [info] update#setState idle
2022-12-17 23:22:08.593 [info] update#setState checking for updates
2022-12-17 23:22:08.794 [info] update#setState idle
2022-12-18 00:22:08.687 [info] update#setState checking for updates
2022-12-18 00:22:08.909 [info] update#setState idle
2022-12-18 08:41:54.792 [info] update#setState checking for updates
2022-12-18 08:41:55.117 [info] update#setState idle
2022-12-18 09:41:55.609 [info] update#setState checking for updates
2022-12-18 09:41:55.816 [info] update#setState idle
2022-12-18 10:41:55.626 [info] update#setState checking for updates
2022-12-18 10:41:55.822 [info] update#setState idle
2022-12-18 11:06:15.684 [info] Extension host with pid 2758 exited with code: 0, signal: null.
