2022-12-17 16:26:19.321 [info] Extension host with pid 43116 started
2022-12-17 16:26:19.321 [info] Skipping acquiring lock for /home/sri/.config/Code/User/workspaceStorage/3ea74d710049541c3f489416c2fca9aa.
2022-12-17 16:26:19.371 [info] ExtensionService#_doActivateExtension ms-toolsai.jupyter, startup: false, activationEvent: 'onWalkthrough:jupyterWelcome'
2022-12-17 16:26:19.371 [info] ExtensionService#_doActivateExtension vscode.microsoft-authentication, startup: false, activationEvent: 'onAuthenticationRequest:microsoft'
2022-12-17 16:26:19.371 [info] ExtensionService#_doActivateExtension vscode.git-base, startup: true, activationEvent: '*', root cause: vscode.git
2022-12-17 16:26:19.371 [info] ExtensionService#_doActivateExtension ms-python.python, startup: true, activationEvent: 'workspaceContains:requirements.txt'
2022-12-17 16:26:21.124 [info] ExtensionService#_doActivateExtension ms-toolsai.jupyter-renderers, startup: false, activationEvent: 'api', root cause: ms-toolsai.jupyter
2022-12-17 16:26:21.124 [info] ExtensionService#_doActivateExtension vscode.git, startup: true, activationEvent: '*'
2022-12-17 16:26:21.125 [info] ExtensionService#_doActivateExtension vscode.github, startup: true, activationEvent: '*'
2022-12-17 16:26:21.368 [info] ExtensionService#_doActivateExtension vscode.github-authentication, startup: false, activationEvent: 'onAuthenticationRequest:github'
2022-12-17 16:26:21.526 [warning] [Decorations] CAPPING events from decorations provider vscode.git 638
2022-12-17 16:26:21.763 [warning] [Decorations] CAPPING events from decorations provider vscode.git 638
2022-12-17 16:26:22.170 [info] ExtensionService#_doActivateExtension ms-python.isort, startup: true, activationEvent: 'workspaceContains:*.py'
2022-12-17 16:26:22.367 [info] Eager extensions activated
2022-12-17 16:26:22.397 [info] ExtensionService#_doActivateExtension vscode.debug-auto-launch, startup: false, activationEvent: 'onStartupFinished'
2022-12-17 16:26:22.397 [info] ExtensionService#_doActivateExtension vscode.emmet, startup: false, activationEvent: 'onStartupFinished'
2022-12-17 16:26:22.398 [info] ExtensionService#_doActivateExtension vscode.merge-conflict, startup: false, activationEvent: 'onStartupFinished'
2022-12-17 16:26:23.680 [error] Error: Module 'pip' not installed.
	at l.execModule (/home/sri/.vscode/extensions/ms-toolsai.jupyter-2022.11.1003412109/out/extension.node.js:7:82791)
	at async r.getPackageInformation (/home/sri/.vscode/extensions/ms-toolsai.jupyter-2022.11.1003412109/out/extension.node.js:17:42188)
2022-12-17 16:26:32.794 [info] ExtensionService#_doActivateExtension ms-python.vscode-pylance, startup: false, activationEvent: 'onLanguage:python'
2022-12-17 16:27:38.021 [warning] [Decorations] CAPPING events from decorations provider vscode.git 638
2022-12-17 16:27:38.768 [info] Extension host terminating: received terminate message from renderer
2022-12-17 16:27:38.858 [info] Extension host with pid 43116 exiting with code 0
