2022-12-30T09:47:26.765Z - info: [ui] [AppStore] loading 0 repositories from store
2022-12-30T09:47:26.873Z - info: [ui] [Welcome] no sign in step found. ignoring...
2022-12-30T09:47:26.878Z - info: [ui] launching: 3.1.1-linux1 (Linux 6.1.1-arch1-1)
2022-12-30T09:47:26.878Z - info: [ui] execPath: '/opt/github-desktop/github-desktop'
2022-12-30T09:47:26.892Z - info: [ui] [Welcome] no sign in step found. ignoring...
2022-12-30T09:47:27.195Z - info: [ui] [Welcome] no sign in step found. ignoring...
2022-12-30T09:47:27.497Z - info: [ui] Opt in reported.
2022-12-30T09:47:34.119Z - info: [ui] [Welcome] advancing to step: SignInToDotComWithBrowser
2022-12-30T09:47:34.120Z - info: [ui] [SignInStore] initializing OAuth flow
2022-12-30T09:47:34.125Z - info: [main] opening in browser: https://github.com/login/oauth/authorize?client_id=3a723b10ac5575cc5bb9&scope=repo%20user%20workflow&state=fe91fe9b-90c5-42a3-ba96-df524ac0614b
2022-12-30T09:47:34.126Z - info: [ui] [Welcome] current sign in state not found. ignoring...
2022-12-30T09:47:34.647Z - info: [ui] [Welcome] kind Authentication is the same as Authentication. ignoring...
2022-12-30T09:47:37.126Z - info: [main] Received possible protocol arguments: 4
2022-12-30T09:47:37.126Z - info: [main] Processing protocol url
2022-12-30T09:47:37.128Z - info: [ui] [Dispatcher] requesting authenticated user
2022-12-30T09:47:37.143Z - info: [ui] [Welcome] kind Authentication is the same as Authentication. ignoring...
2022-12-30T09:47:38.352Z - info: [ui] [SignInStore] account resolved
2022-12-30T09:47:38.352Z - info: [ui] [AppStore] adding account srivarshan-s (Srivarshan) to store
2022-12-30T09:47:38.356Z - info: [ui] [Welcome] advancing to step: ConfigureGit
2022-12-30T09:47:38.411Z - info: [ui] [Welcome] no sign in step found. ignoring...
2022-12-30T09:47:38.446Z - info: [ui] [Welcome] no sign in step found. ignoring...
2022-12-30T09:47:38.708Z - info: [ui] [Welcome] no sign in step found. ignoring...
2022-12-30T09:47:38.757Z - info: [ui] [Welcome] no sign in step found. ignoring...
2022-12-30T09:47:39.083Z - info: [ui] Subscribed 'srivarshan-s' to Alive channel
2022-12-30T09:47:39.572Z - info: [ui] [Welcome] no sign in step found. ignoring...
2022-12-30T09:48:03.537Z - info: [ui] [AppStore] adding repository at /home/sri/.config to store
2022-12-30T09:48:04.287Z - info: [ui] [BranchPruner] No branches to prune.
2022-12-30T09:48:14.442Z - info: [ui] [Timing] Action 'create commit' for 'srivarshan-s/linux-configs' took 0.146s
