2022-12-17 16:26:21.396 [info] Log level: Info
2022-12-17 16:26:21.396 [info] Validating found git in: "git"
2022-12-17 16:26:21.396 [info] Using git "2.39.0" from "git"
2022-12-17 16:26:21.396 [info] > git rev-parse --show-toplevel [6ms]
2022-12-17 16:26:21.396 [info] > git rev-parse --git-dir --git-common-dir [3ms]
2022-12-17 16:26:21.396 [info] Open repository: /home/sri/Documents/UTS Research/Hugging Face Spaces/arguementation-analyzer
2022-12-17 16:26:21.396 [info] > git rev-parse --show-toplevel [15ms]
2022-12-17 16:26:21.399 [info] > git config --get commit.template [51ms]
2022-12-17 16:26:21.422 [info] > git rev-parse --show-toplevel [61ms]
2022-12-17 16:26:21.434 [info] > git rev-parse --show-toplevel [1ms]
2022-12-17 16:26:21.449 [info] > git for-each-ref --format=%(refname)%00%(upstream:short)%00%(objectname)%00%(upstream:track)%00%(upstream:remotename)%00%(upstream:remoteref) refs/heads/main refs/remotes/main [37ms]
2022-12-17 16:26:21.487 [info] > git status -z -uall [22ms]
2022-12-17 16:26:21.492 [info] > git rev-parse --show-toplevel [44ms]
2022-12-17 16:26:21.507 [info] > git for-each-ref --sort -committerdate --format %(refname) %(objectname) %(*objectname) [29ms]
2022-12-17 16:26:21.564 [info] > git rev-parse --show-toplevel [59ms]
2022-12-17 16:26:21.612 [info] > git config --get commit.template [54ms]
2022-12-17 16:26:21.724 [info] > git for-each-ref --format=%(refname)%00%(upstream:short)%00%(objectname)%00%(upstream:track)%00%(upstream:remotename)%00%(upstream:remoteref) refs/heads/main refs/remotes/main [1ms]
2022-12-17 16:26:21.748 [info] > git status -z -uall [15ms]
2022-12-17 16:26:21.752 [info] > git for-each-ref --sort -committerdate --format %(refname) %(objectname) %(*objectname) [5ms]
2022-12-17 16:26:21.988 [info] > git check-ignore -v -z --stdin [2ms]
2022-12-17 16:26:33.169 [info] > git show --textconv :model.py [23ms]
2022-12-17 16:26:33.169 [info] > git ls-files --stage -- /home/sri/Documents/UTS Research/Hugging Face Spaces/arguementation-analyzer/model.py [5ms]
2022-12-17 16:26:43.664 [info] > git show --textconv :app.py [11ms]
2022-12-17 16:26:43.666 [info] > git ls-files --stage -- /home/sri/Documents/UTS Research/Hugging Face Spaces/arguementation-analyzer/app.py [3ms]
2022-12-17 16:26:43.678 [info] > git cat-file -s 8bb61265a28f3854648850e4c2bc10eb954a4c7a [1ms]
2022-12-17 16:27:21.596 [info] > git check-ignore -v -z --stdin [1ms]
2022-12-17 16:27:37.945 [info] > git config --get commit.template [2ms]
2022-12-17 16:27:37.961 [info] > git for-each-ref --format=%(refname)%00%(upstream:short)%00%(objectname)%00%(upstream:track)%00%(upstream:remotename)%00%(upstream:remoteref) refs/heads/main refs/remotes/main [1ms]
2022-12-17 16:27:37.986 [info] > git status -z -uall [11ms]
2022-12-17 16:27:37.992 [info] > git for-each-ref --sort -committerdate --format %(refname) %(objectname) %(*objectname) [7ms]
