2022-12-17 16:31:25.843 [info] Log level: Info
2022-12-17 16:31:25.843 [info] Validating found git in: "git"
2022-12-17 16:31:25.843 [info] Using git "2.39.0" from "git"
2022-12-17 16:31:25.843 [info] > git rev-parse --show-toplevel [26ms]
2022-12-17 16:31:25.868 [info] > git rev-parse --git-dir --git-common-dir [35ms]
2022-12-17 16:31:25.877 [info] Open repository: /home/sri/Documents/UTS Research/Hugging Face Spaces/arguementation-analyzer
2022-12-17 16:31:26.010 [info] > git config --get commit.template [12ms]
2022-12-17 16:31:26.010 [info] > git rev-parse --show-toplevel [116ms]
2022-12-17 16:31:26.068 [info] > git rev-parse --show-toplevel [38ms]
2022-12-17 16:31:26.120 [info] > git rev-parse --show-toplevel [34ms]
2022-12-17 16:31:26.161 [info] > git for-each-ref --format=%(refname)%00%(upstream:short)%00%(objectname)%00%(upstream:track)%00%(upstream:remotename)%00%(upstream:remoteref) refs/heads/main refs/remotes/main [43ms]
2022-12-17 16:31:26.225 [info] > git status -z -uall [38ms]
2022-12-17 16:31:26.225 [info] > git for-each-ref --sort -committerdate --format %(refname) %(objectname) %(*objectname) [11ms]
2022-12-17 16:31:26.290 [info] > git rev-parse --show-toplevel [141ms]
2022-12-17 16:31:26.341 [info] > git rev-parse --show-toplevel [35ms]
2022-12-17 16:31:26.547 [info] > git rev-parse --show-toplevel [185ms]
2022-12-17 16:31:26.550 [info] > git config --get commit.template [209ms]
2022-12-17 16:31:26.646 [info] > git check-ignore -v -z --stdin [65ms]
2022-12-17 16:31:26.649 [info] > git for-each-ref --format=%(refname)%00%(upstream:short)%00%(objectname)%00%(upstream:track)%00%(upstream:remotename)%00%(upstream:remoteref) refs/heads/main refs/remotes/main [12ms]
2022-12-17 16:31:26.719 [info] > git status -z -uall [41ms]
2022-12-17 16:31:26.731 [info] > git for-each-ref --sort -committerdate --format %(refname) %(objectname) %(*objectname) [25ms]
2022-12-17 16:31:27.403 [info] > git show --textconv :app.py [78ms]
2022-12-17 16:31:27.404 [info] > git ls-files --stage -- /home/sri/Documents/UTS Research/Hugging Face Spaces/arguementation-analyzer/app.py [60ms]
2022-12-17 16:31:27.429 [info] > git cat-file -s 8bb61265a28f3854648850e4c2bc10eb954a4c7a [16ms]
