Visual Studio Code (1.74.1, undefined, desktop)
Jupyter Extension Version: 2022.11.1003412109.
Python Extension Version: 2022.20.1.
Workspace folder /home/sri/Documents/UTS Research/Hugging Face Spaces/arguementation-analyzer
info 16:26:20.434: ZMQ install verified.
info 16:26:21.024: LSP Notebooks experiment is enabled
info 16:26:21.104: Process Execution: > jupyter notebook --version
> jupyter notebook --version
info 16:26:21.118: Process Execution: > jupyter lab --version
> jupyter lab --version
info 16:26:22.466: Got empty env vars with python /usr/bin/python in 113ms
info 16:26:22.478: Process Execution: > /usr/bin/python -m pip list
> /usr/bin/python -m pip list
info 16:26:22.587: Process Execution: > /usr/bin/python -c "import pip"
> /usr/bin/python -c "import pip"
error 16:26:22.674: interpreterPackages getPackageInformation, Class name = r, completed in 325ms, has a falsy return value, Arg 1: {"interpreter":{"id":"/usr/bin/python","sysPrefix":"/usr","displayPath":{"$mid":1,"path":"/usr/bin/python","scheme":"file"},"envName":"","uri":{"$mid":1,"fsPath":"/usr/bin/python","external":"file:///usr/bin/python","path":"/usr/bin/python","scheme":"file"},"displayName":"","envType":"Unknown","version":{"major":3,"minor":10,"patch":8,"raw":"3.10.8 (main, Nov  1 2022, 14:18:21) [GCC 12.2.0]"}}} [i [Error]: Module 'pip' not installed.
	at l.execModule (/home/sri/.vscode/extensions/ms-toolsai.jupyter-2022.11.1003412109/out/extension.node.js:7:82791)
	at async r.getPackageInformation (/home/sri/.vscode/extensions/ms-toolsai.jupyter-2022.11.1003412109/out/extension.node.js:17:42188)] {
  category: 'notinstalled',
  moduleName: 'pip'
}
info 16:27:38.816: Shutting down notebooks for 7525b64a-a2df-4bae-803e-8f7673dbf317
info 16:27:38.817: Disposing HostJupyterExecution 1c8836c8-da92-4207-bf9b-d0cbe6ff8a84
info 16:27:38.817: Disposing super HostJupyterExecution 1c8836c8-da92-4207-bf9b-d0cbe6ff8a84
info 16:27:38.817: Disposing HostJupyterExecution 1c8836c8-da92-4207-bf9b-d0cbe6ff8a84
info 16:27:38.817: Finished disposing HostJupyterExecution  1c8836c8-da92-4207-bf9b-d0cbe6ff8a84
info 16:27:38.839: Cleaning up server cache 1c8836c8-da92-4207-bf9b-d0cbe6ff8a84
info 16:27:38.840: Finished disposing HostJupyterExecution  1c8836c8-da92-4207-bf9b-d0cbe6ff8a84
