[Info  - 4:26:23 PM] (43236) Pylance language server 2022.12.20 (pyright 621d886b) starting
[Info  - 4:26:23 PM] (43236) Server root directory: /home/sri/.vscode/extensions/ms-python.vscode-pylance-2022.12.20/dist
[Info  - 4:26:23 PM] (43236) Starting service instance "arguementation-analyzer"
[Info  - 4:26:23 PM] (43236) Notebook support: LSP
[Info  - 4:26:23 PM] (43236) Interactive window support: LSP
[Info  - 4:26:23 PM] (43236) No configuration file found.
[Info  - 4:26:23 PM] (43236) No pyproject.toml file found.
[Info  - 4:26:23 PM] (43236) Setting pythonPath for service "arguementation-analyzer": "/bin/python"
[Warn  - 4:26:23 PM] (43236) stubPath /home/sri/Documents/UTS Research/Hugging Face Spaces/arguementation-analyzer/typings is not a valid directory.
[Info  - 4:26:23 PM] (43236) Assuming Python version 3.10
[Info  - 4:26:23 PM] (43236) Assuming Python platform Linux
[Info  - 4:26:23 PM] (43236) Searching for source files
[Info  - 4:26:23 PM] (43236) Found 4 source files
[Info  - 4:26:23 PM] (43236) Background analysis(1) root directory: /home/sri/.vscode/extensions/ms-python.vscode-pylance-2022.12.20/dist
[Info  - 4:26:23 PM] (43236) Background analysis(1) started
[Info  - 4:26:33 PM] (43236) Indexer background runner(2) root directory: /home/sri/.vscode/extensions/ms-python.vscode-pylance-2022.12.20/dist (index)
[Info  - 4:26:33 PM] (43236) Indexing(2) started
[Info  - 4:26:34 PM] (43236) scanned(2) 69 files over 1 exec env
[Info  - 4:26:35 PM] (43236) indexed(2) 39 files over 1 exec env
[Info  - 4:26:35 PM] (43236) Indexing finished(2).
