2022-12-17 16:31:24.236 [info] Extension host with pid 43874 started
2022-12-17 16:31:24.236 [info] Skipping acquiring lock for /home/sri/.config/Code/User/workspaceStorage/3ea74d710049541c3f489416c2fca9aa.
2022-12-17 16:31:24.435 [info] ExtensionService#_doActivateExtension ms-python.python, startup: false, activationEvent: 'onLanguage:python', root cause: ms-python.isort
2022-12-17 16:31:24.437 [info] ExtensionService#_doActivateExtension ms-toolsai.jupyter, startup: false, activationEvent: 'onLanguage:python'
2022-12-17 16:31:24.437 [info] ExtensionService#_doActivateExtension vscode.microsoft-authentication, startup: false, activationEvent: 'onAuthenticationRequest:microsoft'
2022-12-17 16:31:24.438 [info] ExtensionService#_doActivateExtension vscode.git-base, startup: true, activationEvent: '*', root cause: vscode.git
2022-12-17 16:31:25.398 [info] ExtensionService#_doActivateExtension ms-toolsai.jupyter-renderers, startup: false, activationEvent: 'api', root cause: ms-toolsai.jupyter
2022-12-17 16:31:25.399 [info] ExtensionService#_doActivateExtension vscode.git, startup: true, activationEvent: '*'
2022-12-17 16:31:25.399 [info] ExtensionService#_doActivateExtension vscode.github, startup: true, activationEvent: '*'
2022-12-17 16:31:25.571 [info] ExtensionService#_doActivateExtension ms-python.isort, startup: false, activationEvent: 'onLanguage:python'
2022-12-17 16:31:25.571 [info] ExtensionService#_doActivateExtension ms-python.vscode-pylance, startup: false, activationEvent: 'onLanguage:python'
2022-12-17 16:31:25.798 [info] Eager extensions activated
2022-12-17 16:31:25.898 [info] ExtensionService#_doActivateExtension vscode.github-authentication, startup: false, activationEvent: 'onAuthenticationRequest:github'
2022-12-17 16:31:25.899 [info] ExtensionService#_doActivateExtension vscode.debug-auto-launch, startup: false, activationEvent: 'onStartupFinished'
2022-12-17 16:31:25.899 [info] ExtensionService#_doActivateExtension vscode.emmet, startup: false, activationEvent: 'onStartupFinished'
2022-12-17 16:31:25.899 [info] ExtensionService#_doActivateExtension vscode.merge-conflict, startup: false, activationEvent: 'onStartupFinished'
2022-12-17 16:31:26.276 [warning] [Decorations] CAPPING events from decorations provider vscode.git 638
2022-12-17 16:31:26.754 [warning] [Decorations] CAPPING events from decorations provider vscode.git 638
2022-12-17 16:31:27.346 [error] Error: Module 'pip' not installed.
	at l.execModule (/home/sri/.vscode/extensions/ms-toolsai.jupyter-2022.11.1003412109/out/extension.node.js:7:82791)
	at async r.getPackageInformation (/home/sri/.vscode/extensions/ms-toolsai.jupyter-2022.11.1003412109/out/extension.node.js:17:42188)
