2022-12-17 16:25:43.728 [info] Starting worker process with pid 42908 (type: fileWatcher, window: 1).
2022-12-17 16:25:52.082 [info] Getting Manifest... ms-python.python
2022-12-17 16:25:52.093 [info] Installing extension: ms-python.python
2022-12-17 16:25:53.563 [info] Getting Manifest... ms-toolsai.jupyter
2022-12-17 16:25:54.174 [info] Getting Manifest... ms-toolsai.jupyter-keymap
2022-12-17 16:25:54.473 [info] Getting Manifest... ms-toolsai.jupyter-renderers
2022-12-17 16:25:55.554 [info] Getting Manifest... ms-toolsai.vscode-jupyter-cell-tags
2022-12-17 16:25:56.669 [info] Getting Manifest... ms-toolsai.vscode-jupyter-slideshow
2022-12-17 16:25:57.806 [info] Getting Manifest... ms-python.vscode-pylance
2022-12-17 16:25:58.199 [info] Getting Manifest... ms-python.isort
2022-12-17 16:25:59.267 [info] Installing extension: ms-toolsai.jupyter ms-python.python
2022-12-17 16:25:59.268 [info] Installing extension: ms-toolsai.jupyter-keymap ms-python.python
2022-12-17 16:25:59.268 [info] Installing extension: ms-toolsai.jupyter-renderers ms-python.python
2022-12-17 16:25:59.269 [info] Installing extension: ms-toolsai.vscode-jupyter-cell-tags ms-python.python
2022-12-17 16:25:59.270 [info] Installing extension: ms-toolsai.vscode-jupyter-slideshow ms-python.python
2022-12-17 16:25:59.270 [info] Installing extension: ms-python.vscode-pylance ms-python.python
2022-12-17 16:25:59.271 [info] Installing extension: ms-python.isort ms-python.python
2022-12-17 16:26:02.492 [info] Extracted extension to /home/sri/.vscode/extensions/.f510d130-db30-4d81-a738-7b0d2f5cf7f3: ms-toolsai.jupyter-keymap
2022-12-17 16:26:02.501 [info] Renamed to /home/sri/.vscode/extensions/ms-toolsai.jupyter-keymap-1.0.0
2022-12-17 16:26:02.505 [info] Extracting completed. ms-toolsai.jupyter-keymap
2022-12-17 16:26:02.532 [info] Extracted extension to /home/sri/.vscode/extensions/.ddb388a0-8e84-410d-891b-0de7de1e837e: ms-toolsai.vscode-jupyter-cell-tags
2022-12-17 16:26:02.542 [info] Renamed to /home/sri/.vscode/extensions/ms-toolsai.vscode-jupyter-cell-tags-0.1.6
2022-12-17 16:26:02.546 [info] Extracting completed. ms-toolsai.vscode-jupyter-cell-tags
2022-12-17 16:26:02.782 [info] Extracted extension to /home/sri/.vscode/extensions/.95e4adce-5e72-4b41-94fd-807bf28e0444: ms-toolsai.vscode-jupyter-slideshow
2022-12-17 16:26:02.788 [info] Renamed to /home/sri/.vscode/extensions/ms-toolsai.vscode-jupyter-slideshow-0.1.5
2022-12-17 16:26:02.790 [info] Extracting completed. ms-toolsai.vscode-jupyter-slideshow
2022-12-17 16:26:04.044 [info] Extracted extension to /home/sri/.vscode/extensions/.16a7b1eb-4976-4a27-b93c-46c70aef954e: ms-python.python
2022-12-17 16:26:04.103 [info] Renamed to /home/sri/.vscode/extensions/ms-python.python-2022.20.1
2022-12-17 16:26:04.109 [info] Extracting completed. ms-python.python
2022-12-17 16:26:05.595 [info] Extracted extension to /home/sri/.vscode/extensions/.2531d5d7-d7ad-4700-a935-3b442fa17007: ms-toolsai.jupyter-renderers
2022-12-17 16:26:05.644 [info] Renamed to /home/sri/.vscode/extensions/ms-toolsai.jupyter-renderers-1.0.12
2022-12-17 16:26:05.648 [info] Extracting completed. ms-toolsai.jupyter-renderers
2022-12-17 16:26:05.956 [info] Extracted extension to /home/sri/.vscode/extensions/.2234beae-295c-4c79-994e-57f4f4c47f3f: ms-toolsai.jupyter
2022-12-17 16:26:06.007 [info] Renamed to /home/sri/.vscode/extensions/ms-toolsai.jupyter-2022.11.1003412109
2022-12-17 16:26:06.030 [info] Extracting completed. ms-toolsai.jupyter
2022-12-17 16:26:07.841 [info] Extracted extension to /home/sri/.vscode/extensions/.1c12d85b-f0c0-4c6c-8a6f-1854683d7b01: ms-python.isort
2022-12-17 16:26:07.894 [info] Renamed to /home/sri/.vscode/extensions/ms-python.isort-2022.8.0
2022-12-17 16:26:07.898 [info] Extracting completed. ms-python.isort
2022-12-17 16:26:13.561 [info] Extracted extension to /home/sri/.vscode/extensions/.8721b20b-c4ff-4662-a3d3-15975748d7ed: ms-python.vscode-pylance
2022-12-17 16:26:13.572 [info] Renamed to /home/sri/.vscode/extensions/ms-python.vscode-pylance-2022.12.20
2022-12-17 16:26:13.576 [info] Extracting completed. ms-python.vscode-pylance
2022-12-17 16:26:13.592 [info] Extension installed successfully: ms-toolsai.jupyter-keymap
2022-12-17 16:26:13.592 [info] Extension installed successfully: ms-toolsai.vscode-jupyter-cell-tags
2022-12-17 16:26:13.593 [info] Extension installed successfully: ms-toolsai.vscode-jupyter-slideshow
2022-12-17 16:26:13.593 [info] Extension installed successfully: ms-python.python
2022-12-17 16:26:13.593 [info] Extension installed successfully: ms-toolsai.jupyter-renderers
2022-12-17 16:26:13.593 [info] Extension installed successfully: ms-toolsai.jupyter
2022-12-17 16:26:13.593 [info] Extension installed successfully: ms-python.isort
2022-12-17 16:26:13.594 [info] Extension installed successfully: ms-python.vscode-pylance
